<?xml version="1.0" encoding="UTF-8"?>
<!-- Generated by org.testng.reporters.JUnitXMLReporter -->
<testsuite hostname="Vinod" ignored="0" name="Command line test" tests="6" failures="0" timestamp="2021-03-16T23:06:33 IST" time="0.246" errors="0">
  <testcase name="IOSAPPTest" time="0.016" classname="qaclickacademy.AppiumTest"/>
  <testcase name="NativeAppAndroidTest" time="0.001" classname="qaclickacademy.AppiumTest"/>
  <testcase name="PostJiraTest" time="0.0" classname="qaclickacademy.RestAPITest"/>
  <testcase name="deleteTwitterTest" time="0.002" classname="qaclickacademy.RestAPITest"/>
  <testcase name="MukthaAutomationTest" time="0.001" classname="qaclickacademy.SeleniumTest"/>
  <testcase name="VinodAutomationTest" time="0.004" classname="qaclickacademy.SeleniumTest"/>
</testsuite> <!-- Command line test -->
