<?xml version="1.0" encoding="UTF-8"?>
<!-- Generated by org.testng.reporters.JUnitXMLReporter -->
<testsuite hostname="Vinod" ignored="0" name="Test" tests="4" failures="0" timestamp="2021-03-16T23:24:48 IST" time="0.329" errors="0">
  <testcase name="MukthaAutomationTest" time="0.052" classname="qaclickacademy.SeleniumTest"/>
  <testcase name="VinodAutomationTest" time="0.004" classname="qaclickacademy.SeleniumTest"/>
  <testcase name="PostJiraTest" time="0.001" classname="qaclickacademy.RestAPITest"/>
  <testcase name="deleteTwitterTest" time="0.001" classname="qaclickacademy.RestAPITest"/>
</testsuite> <!-- Test -->
