<?xml version="1.0" encoding="UTF-8"?>
<testng-results skipped="0" failed="0" ignored="0" total="1" passed="1">
  <reporter-output>
  </reporter-output>
  <suite name="Default suite" duration-ms="231" started-at="2021-03-25T23:15:30 IST" finished-at="2021-03-25T23:15:30 IST">
    <groups>
    </groups>
    <test name="Default test" duration-ms="231" started-at="2021-03-25T23:15:30 IST" finished-at="2021-03-25T23:15:30 IST">
      <class name="qaclickacademy.AppiumTest">
        <test-method status="PASS" signature="NativeAppAndroidTest()[pri:0, instance:qaclickacademy.AppiumTest@46bcd4]" name="NativeAppAndroidTest" duration-ms="41" started-at="2021-03-25T23:15:30 IST" finished-at="2021-03-25T23:15:30 IST">
          <reporter-output>
          </reporter-output>
        </test-method> <!-- NativeAppAndroidTest -->
      </class> <!-- qaclickacademy.AppiumTest -->
    </test> <!-- Default test -->
  </suite> <!-- Default suite -->
</testng-results>
